Arguments: 
  C:\Program Files\nodejs\node.exe C:\Program Files (x86)\Yarn\bin\yarn.js run dev

PATH: 
  C:\Python27\;C:\Python27\Scripts;C:\Windows\system32;C:\Windows;C:\Windows\System32\Wbem;C:\Windows\System32\WindowsPowerShell\v1.0\;C:\Windows\System32\OpenSSH\;C:\ProgramData\chocolatey\bin;C:\Program Files\Java\jdk1.8.0_211\bin;C:\Users\lucas\android\sdk-tools-windows-4333796\platform-tools;C:\Users\lucas\android\sdk-tools-windows-4333796\tools;C:\Program Files (x86)\Yarn\bin\;C:\Program Files\Git\cmd;C:\Program Files\nodejs\;C:\Users\lucas\AppData\Local\Microsoft\WindowsApps;C:\Users\lucas\AppData\Local\Programs\Microsoft VS Code\bin;C:\Users\lucas\AppData\Local\Yarn\bin;C:\Program Files\heroku\bin;C:\Users\lucas\AppData\Roaming\npm

Yarn version: 
  1.22.0

Node version: 
  12.16.2

Platform: 
  win32 x64

Trace: 
  SyntaxError: C:\Users\lucas\demo\package.json: Unexpected token } in JSON at position 292
      at JSON.parse (<anonymous>)
      at C:\Program Files (x86)\Yarn\lib\cli.js:1625:59
      at Generator.next (<anonymous>)
      at step (C:\Program Files (x86)\Yarn\lib\cli.js:310:30)
      at C:\Program Files (x86)\Yarn\lib\cli.js:321:13

npm manifest: 
  {
    "name": "demo",
    "version": "1.0.0",
    "main": "index.js",
    "scripts": {
      "dev": "nodemon server.js"
    },
    "author": "",
    "license": "ISC",
    "keywords": [],
    "description": "",
    "dependencies": {
      "body-parse": "^0.1.0",
      "body-parser": "^1.19.0",
      "express": "^4.17.1",
      "mongodb": "^3.5.5",
      "mongoose": "^5.9.7",
      "nodemon": "^2.0.2",
      "react-native": "^0.62.0"
    }
  }

yarn manifest: 
  No manifest

Lockfile: 
  No lockfile
